Traceback (most recent call last):
  File "/opt/hostedtoolcache/Python/3.8.11/x64/lib/python3.8/site-packages/jupyter_cache/executors/utils.py", line 51, in single_nb_execution
    executenb(
  File "/opt/hostedtoolcache/Python/3.8.11/x64/lib/python3.8/site-packages/nbclient/client.py", line 1117, in execute
    return NotebookClient(nb=nb, resources=resources, km=km, **kwargs).execute()
  File "/opt/hostedtoolcache/Python/3.8.11/x64/lib/python3.8/site-packages/nbclient/util.py", line 78, in wrapped
    return just_run(coro(*args, **kwargs))
  File "/opt/hostedtoolcache/Python/3.8.11/x64/lib/python3.8/site-packages/nbclient/util.py", line 57, in just_run
    return loop.run_until_complete(coro)
  File "/opt/hostedtoolcache/Python/3.8.11/x64/lib/python3.8/asyncio/base_events.py", line 616, in run_until_complete
    return future.result()
  File "/opt/hostedtoolcache/Python/3.8.11/x64/lib/python3.8/site-packages/nbclient/client.py", line 558, in async_execute
    await self.async_execute_cell(
  File "/opt/hostedtoolcache/Python/3.8.11/x64/lib/python3.8/site-packages/nbclient/client.py", line 862, in async_execute_cell
    self._check_raise_for_error(cell, exec_reply)
  File "/opt/hostedtoolcache/Python/3.8.11/x64/lib/python3.8/site-packages/nbclient/client.py", line 765, in _check_raise_for_error
    raise CellExecutionError.from_cell_and_msg(cell, exec_reply_content)
nbclient.exceptions.CellExecutionError: An error occurred while executing the following cell:
------------------
np.random.seed(42)
# æ›²çº¿1ï¼š10ä¸ªé¢„æµ‹å˜é‡ï¼Œ10ä¸ªé«˜æ–¯é‡‡æ ·çš„ç»“æœå˜é‡
x = np.linspace(0, 1, 10)
y = np.random.normal(0, 1, len(x))
plt.plot(x, y, 'o-', label='the first one')

# æ›²çº¿2ï¼šç›¸åŒçš„10ä¸ªé¢„æµ‹å˜é‡ï¼Œ10ä¸ªé‡‡ç”¨äº†ä¸åŒå‡å€¼é«˜æ–¯é‡‡æ ·çš„ç»“æœå˜é‡
y = np.zeros_like(x)
for i in range(len(x)):
    y[i] = np.random.normal(y[i-1], 1)
plt.plot(x, y, 'o-', label='the second one')
plt.legend()
------------------

[0;31m---------------------------------------------------------------------------[0m
[0;31mNameError[0m                                 Traceback (most recent call last)
[0;32m/tmp/ipykernel_2058/1814814927.py[0m in [0;36m<module>[0;34m[0m
[0;32m----> 1[0;31m [0mnp[0m[0;34m.[0m[0mrandom[0m[0;34m.[0m[0mseed[0m[0;34m([0m[0;36m42[0m[0;34m)[0m[0;34m[0m[0;34m[0m[0m
[0m[1;32m      2[0m [0;31m# æ›²çº¿1ï¼š10ä¸ªé¢„æµ‹å˜é‡ï¼Œ10ä¸ªé«˜æ–¯é‡‡æ ·çš„ç»“æœå˜é‡[0m[0;34m[0m[0;34m[0m[0;34m[0m[0m
[1;32m      3[0m [0mx[0m [0;34m=[0m [0mnp[0m[0;34m.[0m[0mlinspace[0m[0;34m([0m[0;36m0[0m[0;34m,[0m [0;36m1[0m[0;34m,[0m [0;36m10[0m[0;34m)[0m[0;34m[0m[0;34m[0m[0m
[1;32m      4[0m [0my[0m [0;34m=[0m [0mnp[0m[0;34m.[0m[0mrandom[0m[0;34m.[0m[0mnormal[0m[0;34m([0m[0;36m0[0m[0;34m,[0m [0;36m1[0m[0;34m,[0m [0mlen[0m[0;34m([0m[0mx[0m[0;34m)[0m[0;34m)[0m[0;34m[0m[0;34m[0m[0m
[1;32m      5[0m [0mplt[0m[0;34m.[0m[0mplot[0m[0;34m([0m[0mx[0m[0;34m,[0m [0my[0m[0;34m,[0m [0;34m'o-'[0m[0;34m,[0m [0mlabel[0m[0;34m=[0m[0;34m'the first one'[0m[0;34m)[0m[0;34m[0m[0;34m[0m[0m

[0;31mNameError[0m: name 'np' is not defined
NameError: name 'np' is not defined

