Traceback (most recent call last):
  File "/opt/hostedtoolcache/Python/3.8.11/x64/lib/python3.8/site-packages/jupyter_cache/executors/utils.py", line 51, in single_nb_execution
    executenb(
  File "/opt/hostedtoolcache/Python/3.8.11/x64/lib/python3.8/site-packages/nbclient/client.py", line 1117, in execute
    return NotebookClient(nb=nb, resources=resources, km=km, **kwargs).execute()
  File "/opt/hostedtoolcache/Python/3.8.11/x64/lib/python3.8/site-packages/nbclient/util.py", line 78, in wrapped
    return just_run(coro(*args, **kwargs))
  File "/opt/hostedtoolcache/Python/3.8.11/x64/lib/python3.8/site-packages/nbclient/util.py", line 57, in just_run
    return loop.run_until_complete(coro)
  File "/opt/hostedtoolcache/Python/3.8.11/x64/lib/python3.8/asyncio/base_events.py", line 616, in run_until_complete
    return future.result()
  File "/opt/hostedtoolcache/Python/3.8.11/x64/lib/python3.8/site-packages/nbclient/client.py", line 558, in async_execute
    await self.async_execute_cell(
  File "/opt/hostedtoolcache/Python/3.8.11/x64/lib/python3.8/site-packages/nbclient/client.py", line 862, in async_execute_cell
    self._check_raise_for_error(cell, exec_reply)
  File "/opt/hostedtoolcache/Python/3.8.11/x64/lib/python3.8/site-packages/nbclient/client.py", line 765, in _check_raise_for_error
    raise CellExecutionError.from_cell_and_msg(cell, exec_reply_content)
nbclient.exceptions.CellExecutionError: An error occurred while executing the following cell:
------------------
n_params = [1, 2, 4]  # Number of trials
p_params = [0.25, 0.5, 0.75]  # Probability of success
x = np.arange(0, max(n_params)+1)
f,ax = plt.subplots(len(n_params), len(p_params), sharex=True,
                    sharey=True,
                    figsize=(8, 7), constrained_layout=True)
for i in range(len(n_params)):
    for j in range(len(p_params)):
        n = n_params[i]
        p = p_params[j]
        y = stats.binom(n=n, p=p).pmf(x)
        ax[i,j].vlines(x, 0, y, colors='C0', lw=5)
        ax[i,j].set_ylim(0, 1)
        ax[i,j].plot(0, 0, label="N = {:3.2f}\nθ =
                           {:3.2f}".format(n,p), alpha=0)
        ax[i,j].legend()
        ax[2,1].set_xlabel('y')
        ax[1,0].set_ylabel('p(y | θ, N)')
        ax[0,0].set_xticks(x)
------------------

[0;36m  File [0;32m"/tmp/ipykernel_2473/3636673657.py"[0;36m, line [0;32m14[0m
[0;31m    ax[i,j].plot(0, 0, label="N = {:3.2f}\nθ =[0m
[0m                                              ^[0m
[0;31mSyntaxError[0m[0;31m:[0m EOL while scanning string literal

SyntaxError: EOL while scanning string literal (3636673657.py, line 14)

